============Lunes================
6am>>dormir
7am>>dormir
8am>>dormir
9am>>dormir
10am>>dormir
11am>>dormir
12am>>dormir
1pm>>alimentación
2pm>>internet
3pm>>FAPTIME
4pm>>dormir
5pm>>vida social
6pm>>bicicleta
7pm>>bicicleta
8pm>>trabajar
9pm>>trabajar
10pm>>trabajar
11pm>>trabajar
12pm>>trabajar
1am>>dormir
2am>>dormir
3am>>dormir
4am>>dormir
5am>>dormir

============Martes================
6am>>dormir
7am>>dormir
8am>>dormir
9am>>dormir
10am>>dormir
11am>>trabajar
12am>>dormir
1pm>>alimentación
2pm>>clase
3pm>>trabajar
4pm>>trabajar
5pm>>vida social
6pm>>vida social
7pm>>trabajar
8pm>>trabajar
9pm>>trabajar
10pm>>trabajar
11pm>>trabajar
12pm>>trabajar
1am>>dormir
2am>>dormir
3am>>dormir
4am>>dormir
5am>>dormir

============Miercoles================
6am>>dormir
7am>>dormir
8am>>dormir
9am>>dormir
10am>>dormir
11am>>dormir
12am>>alimentación
1pm>>alimentación
2pm>>estudiar
3pm>>dormir
4pm>>dormir
5pm>>vida social
6pm>>vida social
7pm>>trabajar
8pm>>trabajar
9pm>>trabajar
10pm>>trabajar
11pm>>trabajar
12pm>>trabajar
1am>>dormir
2am>>dormir
3am>>dormir
4am>>dormir
5am>>dormir

============Jueves================
6am>>dormir
7am>>dormir
8am>>dormir
9am>>dormir
10am>>dormir
11am>>dormir
12am>>dormir
1pm>>alimentación
2pm>>dormir
3pm>>dormir
4pm>>vida social
5pm>>vida social
6pm>>vida social
7pm>>alimentación
8pm>>trabajar
9pm>>trabajar
10pm>>trabajar
11pm>>trabajar
12pm>>trabajar
1am>>dormir
2am>>dormir
3am>>dormir
4am>>dormir
5am>>dormir

============Viernes================
6am>>dormir
7am>>dormir
8am>>dormir
9am>>dormir
10am>>dormir
11am>>dormir
12am>>dormir
1pm>>alimentación
2pm>>dormir
3pm>>vida social
4pm>>vida social
5pm>>vida social
6pm>>vida social
7pm>>alimentación
8pm>>vida social
9pm>>vida social
10pm>>trabajar
11pm>>trabajar
12pm>>dormir
1am>>dormir
2am>>dormir
3am>>dormir
4am>>dormir
5am>>dormir

============Sabado================
6am>>dormir
7am>>dormir
8am>>dormir
9am>>dormir
10am>>dormir
11am>>dormir
12am>>dormir
1pm>>alimentación
2pm>>dormir
3pm>>dormir
4pm>>dormir
5pm>>vida social
6pm>>vida social
7pm>>vida social
8pm>>vida social
9pm>>trabajar
10pm>>estudiar
11pm>>trabajar
12pm>>dormir
1am>>dormir
2am>>dormir
3am>>dormir
4am>>dormir
5am>>dormir

============Domingo================
6am>>dormir
7am>>dormir
8am>>dormir
9am>>dormir
10am>>dormir
11am>>dormir
12am>>dormir
1pm>>alimentación
2pm>>dormir
3pm>>alimentación
4pm>>estudiar
5pm>>vida social
6pm>>vida social
7pm>>alimentación
8pm>>trabajar
9pm>>trabajar
10pm>>trabajar
11pm>>trabajar
12pm>>trabajar
1am>>dormir
2am>>dormir
3am>>dormir
4am>>dormir
5am>>dormir

